<?xml version="1.0" encoding="UTF-8"?>
<testsuite name="com.w10group.completeimageview.ExampleUnitTest" tests="1" skipped="0" failures="0" errors="0" timestamp="2017-05-09T12:06:22" hostname="qiaoyuangdeMacBook-Pro.local" time="0.0">
  <properties/>
  <testcase name="addition_isCorrect" classname="com.w10group.completeimageview.ExampleUnitTest" time="0.0"/>
  <system-out><![CDATA[]]></system-out>
  <system-err><![CDATA[]]></system-err>
</testsuite>
